This is pdfTeX, Version 3.14159265-2.6-1.40.20 (TeX Live 2019) (preloaded format=pdflatex 2019.9.19)  30 SEP 2019 15:18
entering extended mode
 restricted \write18 enabled.
 file:line:error style messages enabled.
 %&-line parsing enabled.
**"/Users/emil/Compfys/Project 2/Latex/Project 2.tex"
(/Users/emil/Compfys/Project 2/Latex/Project 2.tex
LaTeX2e <2018-12-01>
(/usr/local/texlive/2019basic/texmf-dist/tex/latex/base/article.cls
Document Class: article 2018/09/03 v1.4i Standard LaTeX document class
(/usr/local/texlive/2019basic/texmf-dist/tex/latex/base/size10.clo
File: size10.clo 2018/09/03 v1.4i Standard LaTeX file (size option)
)
\c@part=\count80
\c@section=\count81
\c@subsection=\count82
\c@subsubsection=\count83
\c@paragraph=\count84
\c@subparagraph=\count85
\c@figure=\count86
\c@table=\count87
\abovecaptionskip=\skip41
\belowcaptionskip=\skip42
\bibindent=\dimen102
) (/usr/local/texlive/2019basic/texmf-dist/tex/latex/graphics/graphicx.sty
Package: graphicx 2017/06/01 v1.1a Enhanced LaTeX Graphics (DPC,SPQR)
 (/usr/local/texlive/2019basic/texmf-dist/tex/latex/graphics/keyval.sty
Package: keyval 2014/10/28 v1.15 key=value parser (DPC)
\KV@toks@=\toks14
) (/usr/local/texlive/2019basic/texmf-dist/tex/latex/graphics/graphics.sty
Package: graphics 2017/06/25 v1.2c Standard LaTeX Graphics (DPC,SPQR)
 (/usr/local/texlive/2019basic/texmf-dist/tex/latex/graphics/trig.sty
Package: trig 2016/01/03 v1.10 sin cos tan (DPC)
) (/usr/local/texlive/2019basic/texmf-dist/tex/latex/graphics-cfg/graphics.cfg
File: graphics.cfg 2016/06/04 v1.11 sample graphics configuration
)
Package graphics Info: Driver file: pdftex.def on input line 99.
 (/usr/local/texlive/2019basic/texmf-dist/tex/latex/graphics-def/pdftex.def
File: pdftex.def 2018/01/08 v1.0l Graphics/color driver for pdftex
))
\Gin@req@height=\dimen103
\Gin@req@width=\dimen104
) (/usr/local/texlive/2019basic/texmf-dist/tex/latex/base/inputenc.sty
Package: inputenc 2018/08/11 v1.3c Input encoding file
\inpenc@prehook=\toks15
\inpenc@posthook=\toks16
) (/usr/local/texlive/2019basic/texmf-dist/tex/latex/amsmath/amsmath.sty
Package: amsmath 2018/12/01 v2.17b AMS math features
\@mathmargin=\skip43

For additional information on amsmath, use the `?' option.
(/usr/local/texlive/2019basic/texmf-dist/tex/latex/amsmath/amstext.sty
Package: amstext 2000/06/29 v2.01 AMS text
 (/usr/local/texlive/2019basic/texmf-dist/tex/latex/amsmath/amsgen.sty
File: amsgen.sty 1999/11/30 v2.0 generic functions
\@emptytoks=\toks17
\ex@=\dimen105
)) (/usr/local/texlive/2019basic/texmf-dist/tex/latex/amsmath/amsbsy.sty
Package: amsbsy 1999/11/29 v1.2d Bold Symbols
\pmbraise@=\dimen106
) (/usr/local/texlive/2019basic/texmf-dist/tex/latex/amsmath/amsopn.sty
Package: amsopn 2016/03/08 v2.02 operator names
)
\inf@bad=\count88
LaTeX Info: Redefining \frac on input line 223.
\uproot@=\count89
\leftroot@=\count90
LaTeX Info: Redefining \overline on input line 385.
\classnum@=\count91
\DOTSCASE@=\count92
LaTeX Info: Redefining \ldots on input line 482.
LaTeX Info: Redefining \dots on input line 485.
LaTeX Info: Redefining \cdots on input line 606.
\Mathstrutbox@=\box27
\strutbox@=\box28
\big@size=\dimen107
LaTeX Font Info:    Redeclaring font encoding OML on input line 729.
LaTeX Font Info:    Redeclaring font encoding OMS on input line 730.
\macc@depth=\count93
\c@MaxMatrixCols=\count94
\dotsspace@=\muskip10
\c@parentequation=\count95
\dspbrk@lvl=\count96
\tag@help=\toks18
\row@=\count97
\column@=\count98
\maxfields@=\count99
\andhelp@=\toks19
\eqnshift@=\dimen108
\alignsep@=\dimen109
\tagshift@=\dimen110
\tagwidth@=\dimen111
\totwidth@=\dimen112
\lineht@=\dimen113
\@envbody=\toks20
\multlinegap=\skip44
\multlinetaggap=\skip45
\mathdisplay@stack=\toks21
LaTeX Info: Redefining \[ on input line 2844.
LaTeX Info: Redefining \] on input line 2845.
) (/usr/local/texlive/2019basic/texmf-dist/tex/latex/titling/titling.sty
Package: titling 2009/09/04 v2.1d maketitle typesetting
\thanksmarkwidth=\skip46
\thanksmargin=\skip47
\droptitle=\skip48
) (/usr/local/texlive/2019basic/texmf-dist/tex/latex/wrapfig/wrapfig.sty
\wrapoverhang=\dimen114
\WF@size=\dimen115
\c@WF@wrappedlines=\count100
\WF@box=\box29
\WF@everypar=\toks22
Package: wrapfig 2003/01/31  v 3.6
) (/usr/local/texlive/2019basic/texmf-dist/tex/latex/lipsum/lipsum.sty (/usr/local/texlive/2019basic/texmf-dist/tex/latex/l3kernel/expl3.sty
Package: expl3 2019-09-08 L3 programming layer (loader) 
 (/usr/local/texlive/2019basic/texmf-dist/tex/latex/l3kernel/expl3-code.tex
Package: expl3 2019-09-08 L3 programming layer (code)
\c_max_int=\count101
\l_tmpa_int=\count102
\l_tmpb_int=\count103
\g_tmpa_int=\count104
\g_tmpb_int=\count105
\g__kernel_prg_map_int=\count106
\c__ior_term_noprompt_ior=\count107
\c_log_iow=\count108
\l_iow_line_count_int=\count109
\l__iow_line_target_int=\count110
\l__iow_one_indent_int=\count111
\l__iow_indent_int=\count112
\c_zero_dim=\dimen116
\c_max_dim=\dimen117
\l_tmpa_dim=\dimen118
\l_tmpb_dim=\dimen119
\g_tmpa_dim=\dimen120
\g_tmpb_dim=\dimen121
\c_zero_skip=\skip49
\c_max_skip=\skip50
\l_tmpa_skip=\skip51
\l_tmpb_skip=\skip52
\g_tmpa_skip=\skip53
\g_tmpb_skip=\skip54
\c_zero_muskip=\muskip11
\c_max_muskip=\muskip12
\l_tmpa_muskip=\muskip13
\l_tmpb_muskip=\muskip14
\g_tmpa_muskip=\muskip15
\g_tmpb_muskip=\muskip16
\l_keys_choice_int=\count113
\l__intarray_loop_int=\count114
\c__intarray_sp_dim=\dimen122
\g__intarray_font_int=\count115
\c__fp_leading_shift_int=\count116
\c__fp_middle_shift_int=\count117
\c__fp_trailing_shift_int=\count118
\c__fp_big_leading_shift_int=\count119
\c__fp_big_middle_shift_int=\count120
\c__fp_big_trailing_shift_int=\count121
\c__fp_Bigg_leading_shift_int=\count122
\c__fp_Bigg_middle_shift_int=\count123
\c__fp_Bigg_trailing_shift_int=\count124
\c__kernel_randint_max_int=\count125
\g__fp_array_int=\count126
\l__fp_array_loop_int=\count127
\l__sort_length_int=\count128
\l__sort_min_int=\count129
\l__sort_top_int=\count130
\l__sort_max_int=\count131
\l__sort_true_max_int=\count132
\l__sort_block_int=\count133
\l__sort_begin_int=\count134
\l__sort_end_int=\count135
\l__sort_A_int=\count136
\l__sort_B_int=\count137
\l__sort_C_int=\count138
\l__str_internal_int=\count139
\c__str_replacement_char_int=\count140
\l__tl_analysis_normal_int=\count141
\l__tl_analysis_index_int=\count142
\l__tl_analysis_nesting_int=\count143
\l__tl_analysis_type_int=\count144
\l__regex_internal_a_int=\count145
\l__regex_internal_b_int=\count146
\l__regex_internal_c_int=\count147
\l__regex_balance_int=\count148
\l__regex_group_level_int=\count149
\l__regex_mode_int=\count150
\c__regex_cs_in_class_mode_int=\count151
\c__regex_cs_mode_int=\count152
\l__regex_catcodes_int=\count153
\l__regex_default_catcodes_int=\count154
\c__regex_catcode_D_int=\count155
\c__regex_catcode_S_int=\count156
\c__regex_catcode_L_int=\count157
\c__regex_catcode_O_int=\count158
\c__regex_catcode_A_int=\count159
\c__regex_all_catcodes_int=\count160
\l__regex_show_lines_int=\count161
\l__regex_min_state_int=\count162
\l__regex_max_state_int=\count163
\l__regex_left_state_int=\count164
\l__regex_right_state_int=\count165
\l__regex_capturing_group_int=\count166
\l__regex_min_pos_int=\count167
\l__regex_max_pos_int=\count168
\l__regex_curr_pos_int=\count169
\l__regex_start_pos_int=\count170
\l__regex_success_pos_int=\count171
\l__regex_curr_char_int=\count172
\l__regex_curr_catcode_int=\count173
\l__regex_last_char_int=\count174
\l__regex_case_changed_char_int=\count175
\l__regex_curr_state_int=\count176
\l__regex_step_int=\count177
\l__regex_min_active_int=\count178
\l__regex_max_active_int=\count179
\l__regex_replacement_csnames_int=\count180
\l__regex_match_count_int=\count181
\l__regex_min_submatch_int=\count182
\l__regex_submatch_int=\count183
\l__regex_zeroth_submatch_int=\count184
\g__regex_trace_regex_int=\count185
\c_empty_box=\box30
\l_tmpa_box=\box31
\l_tmpb_box=\box32
\g_tmpa_box=\box33
\g_tmpb_box=\box34
\l__box_top_dim=\dimen123
\l__box_bottom_dim=\dimen124
\l__box_left_dim=\dimen125
\l__box_right_dim=\dimen126
\l__box_top_new_dim=\dimen127
\l__box_bottom_new_dim=\dimen128
\l__box_left_new_dim=\dimen129
\l__box_right_new_dim=\dimen130
\l__box_internal_box=\box35
\l__coffin_internal_box=\box36
\l__coffin_internal_dim=\dimen131
\l__coffin_offset_x_dim=\dimen132
\l__coffin_offset_y_dim=\dimen133
\l__coffin_x_dim=\dimen134
\l__coffin_y_dim=\dimen135
\l__coffin_x_prime_dim=\dimen136
\l__coffin_y_prime_dim=\dimen137
\c_empty_coffin=\box37
\l__coffin_aligned_coffin=\box38
\l__coffin_aligned_internal_coffin=\box39
\l_tmpa_coffin=\box40
\l_tmpb_coffin=\box41
\g_tmpa_coffin=\box42
\g_tmpb_coffin=\box43
\l__coffin_bounding_shift_dim=\dimen138
\l__coffin_left_corner_dim=\dimen139
\l__coffin_right_corner_dim=\dimen140
\l__coffin_bottom_corner_dim=\dimen141
\l__coffin_top_corner_dim=\dimen142
\l__coffin_scaled_total_height_dim=\dimen143
\l__coffin_scaled_width_dim=\dimen144
\c__coffin_empty_coffin=\box44
\l__coffin_display_coffin=\box45
\l__coffin_display_coord_coffin=\box46
\l__coffin_display_pole_coffin=\box47
\l__coffin_display_offset_dim=\dimen145
\l__coffin_display_x_dim=\dimen146
\l__coffin_display_y_dim=\dimen147
\g__char_data_ior=\read1
\l__seq_internal_a_int=\count186
\l__seq_internal_b_int=\count187
) (/usr/local/texlive/2019basic/texmf-dist/tex/latex/l3backend/l3backend-pdfmode.def
File: l3backend-pdfmode.def 2019-04-06 v L3 backend support: PDF mode
\l__kernel_color_stack_int=\count188
\l__pdf_internal_box=\box48
)) (/usr/local/texlive/2019basic/texmf-dist/tex/latex/l3packages/xparse/xparse.sty
Package: xparse 2019-05-28 L3 Experimental document command parser
\l__xparse_current_arg_int=\count189
\g__xparse_grabber_int=\count190
\l__xparse_m_args_int=\count191
\l__xparse_v_nesting_int=\count192
)
Package: lipsum 2019/01/02 v2.2 150 paragraphs of Lorem Ipsum dummy text
 (/usr/local/texlive/2019basic/texmf-dist/tex/latex/lipsum/lipsum.ltd.tex
File: lipsum.ltd.tex 2019/01/02 v2.2 The Lorem ipsum dummy text
)) (/usr/local/texlive/2019basic/texmf-dist/tex/latex/amsfonts/amssymb.sty
Package: amssymb 2013/01/14 v3.01 AMS font symbols
 (/usr/local/texlive/2019basic/texmf-dist/tex/latex/amsfonts/amsfonts.sty
Package: amsfonts 2013/01/14 v3.01 Basic AMSFonts support
\symAMSa=\mathgroup4
\symAMSb=\mathgroup5
LaTeX Font Info:    Overwriting math alphabet `\mathfrak' in version `bold'
(Font)                  U/euf/m/n --> U/euf/b/n on input line 106.
)) (/usr/local/texlive/2019basic/texmf-dist/tex/latex/listings/listings.sty
\lst@mode=\count193
\lst@gtempboxa=\box49
\lst@token=\toks23
\lst@length=\count194
\lst@currlwidth=\dimen148
\lst@column=\count195
\lst@pos=\count196
\lst@lostspace=\dimen149
\lst@width=\dimen150
\lst@newlines=\count197
\lst@lineno=\count198
\lst@maxwidth=\dimen151
 (/usr/local/texlive/2019basic/texmf-dist/tex/latex/listings/lstmisc.sty
File: lstmisc.sty 2019/09/10 1.8c (Carsten Heinz)
\c@lstnumber=\count199
\lst@skipnumbers=\count266
\lst@framebox=\box50
) (/usr/local/texlive/2019basic/texmf-dist/tex/latex/listings/listings.cfg
File: listings.cfg 2019/09/10 1.8c listings configuration
))
Package: listings 2019/09/10 1.8c (Carsten Heinz)
 (/usr/local/texlive/2019basic/texmf-dist/tex/latex/caption/caption.sty
Package: caption 2019/09/01 v3.3d Customizing captions (AR)
 (/usr/local/texlive/2019basic/texmf-dist/tex/latex/caption/caption3.sty
Package: caption3 2019/09/01 v1.8d caption3 kernel (AR)
Package caption3 Info: TeX engine: e-TeX on input line 64.
\captionmargin=\dimen152
\captionmargin@=\dimen153
\captionwidth=\dimen154
\caption@tempdima=\dimen155
\caption@indent=\dimen156
\caption@parindent=\dimen157
\caption@hangindent=\dimen158
)
\c@caption@flags=\count267
\c@ContinuedFloat=\count268
Package caption Info: listings package is loaded.
Package caption Info: wrapfig package is loaded.
) (/usr/local/texlive/2019basic/texmf-dist/tex/latex/hyperref/hyperref.sty
Package: hyperref 2019/09/12 v6.88i Hypertext links for LaTeX
 (/usr/local/texlive/2019basic/texmf-dist/tex/generic/oberdiek/hobsub-hyperref.sty
Package: hobsub-hyperref 2016/05/16 v1.14 Bundle oberdiek, subset hyperref (HO)
 (/usr/local/texlive/2019basic/texmf-dist/tex/generic/oberdiek/hobsub-generic.sty
Package: hobsub-generic 2016/05/16 v1.14 Bundle oberdiek, subset generic (HO)
Package: hobsub 2016/05/16 v1.14 Construct package bundles (HO)
Package: infwarerr 2016/05/16 v1.4 Providing info/warning/error messages (HO)
Package: ltxcmds 2016/05/16 v1.23 LaTeX kernel commands for general use (HO)
Package: ifluatex 2016/05/16 v1.4 Provides the ifluatex switch (HO)
Package ifluatex Info: LuaTeX not detected.
Package: ifvtex 2016/05/16 v1.6 Detect VTeX and its facilities (HO)
Package ifvtex Info: VTeX not detected.
Package: intcalc 2016/05/16 v1.2 Expandable calculations with integers (HO)
Package: ifpdf 2018/09/07 v3.3 Provides the ifpdf switch
Package: etexcmds 2016/05/16 v1.6 Avoid name clashes with e-TeX commands (HO)
Package: kvsetkeys 2016/05/16 v1.17 Key value parser (HO)
Package: kvdefinekeys 2016/05/16 v1.4 Define keys (HO)
Package: pdftexcmds 2019/07/25 v0.30 Utility functions of pdfTeX for LuaTeX (HO)
Package pdftexcmds Info: LuaTeX not detected.
Package pdftexcmds Info: \pdf@primitive is available.
Package pdftexcmds Info: \pdf@ifprimitive is available.
Package pdftexcmds Info: \pdfdraftmode found.
Package: pdfescape 2016/05/16 v1.14 Implements pdfTeX's escape features (HO)
Package: bigintcalc 2016/05/16 v1.4 Expandable calculations on big integers (HO)
Package: bitset 2016/05/16 v1.2 Handle bit-vector datatype (HO)
Package: uniquecounter 2016/05/16 v1.3 Provide unlimited unique counter (HO)
)
Package hobsub Info: Skipping package `hobsub' (already loaded).
Package: letltxmacro 2016/05/16 v1.5 Let assignment for LaTeX macros (HO)
Package: hopatch 2016/05/16 v1.3 Wrapper for package hooks (HO)
Package: xcolor-patch 2016/05/16 xcolor patch
Package: atveryend 2016/05/16 v1.9 Hooks at the very end of document (HO)
Package atveryend Info: \enddocument detected (standard20110627).
Package: atbegshi 2016/06/09 v1.18 At begin shipout hook (HO)
Package: refcount 2016/05/16 v3.5 Data extraction from label references (HO)
Package: hycolor 2016/05/16 v1.8 Color options for hyperref/bookmark (HO)
) (/usr/local/texlive/2019basic/texmf-dist/tex/generic/ifxetex/ifxetex.sty
Package: ifxetex 2010/09/12 v0.6 Provides ifxetex conditional
) (/usr/local/texlive/2019basic/texmf-dist/tex/latex/oberdiek/auxhook.sty
Package: auxhook 2016/05/16 v1.4 Hooks for auxiliary files (HO)
) (/usr/local/texlive/2019basic/texmf-dist/tex/latex/oberdiek/kvoptions.sty
Package: kvoptions 2016/05/16 v3.12 Key value format for package options (HO)
)
\@linkdim=\dimen159
\Hy@linkcounter=\count269
\Hy@pagecounter=\count270
 (/usr/local/texlive/2019basic/texmf-dist/tex/latex/hyperref/pd1enc.def
File: pd1enc.def 2019/09/12 v6.88i Hyperref: PDFDocEncoding definition (HO)
Now handling font encoding PD1 ...
... no UTF-8 mapping file for font encoding PD1
)
\Hy@SavedSpaceFactor=\count271
 (/usr/local/texlive/2019basic/texmf-dist/tex/latex/latexconfig/hyperref.cfg
File: hyperref.cfg 2002/06/06 v1.2 hyperref configuration of TeXLive
)
Package hyperref Info: Hyper figures OFF on input line 4550.
Package hyperref Info: Link nesting OFF on input line 4555.
Package hyperref Info: Hyper index ON on input line 4558.
Package hyperref Info: Plain pages OFF on input line 4565.
Package hyperref Info: Backreferencing OFF on input line 4570.
Package hyperref Info: Implicit mode ON; LaTeX internals redefined.
Package hyperref Info: Bookmarks ON on input line 4803.
\c@Hy@tempcnt=\count272
 (/usr/local/texlive/2019basic/texmf-dist/tex/latex/url/url.sty
\Urlmuskip=\muskip17
Package: url 2013/09/16  ver 3.4  Verb mode for urls, etc.
)
LaTeX Info: Redefining \url on input line 5156.
\XeTeXLinkMargin=\dimen160
\Fld@menulength=\count273
\Field@Width=\dimen161
\Fld@charsize=\dimen162
Package hyperref Info: Hyper figures OFF on input line 6411.
Package hyperref Info: Link nesting OFF on input line 6416.
Package hyperref Info: Hyper index ON on input line 6419.
Package hyperref Info: backreferencing OFF on input line 6426.
Package hyperref Info: Link coloring OFF on input line 6431.
Package hyperref Info: Link coloring with OCG OFF on input line 6436.
Package hyperref Info: PDF/A mode OFF on input line 6441.
LaTeX Info: Redefining \ref on input line 6481.
LaTeX Info: Redefining \pageref on input line 6485.
\Hy@abspage=\count274
\c@Item=\count275
\c@Hfootnote=\count276
)
Package hyperref Info: Driver (autodetected): hpdftex.
 (/usr/local/texlive/2019basic/texmf-dist/tex/latex/hyperref/hpdftex.def
File: hpdftex.def 2019/09/12 v6.88i Hyperref driver for pdfTeX
\Fld@listcount=\count277
\c@bookmark@seq@number=\count278
 (/usr/local/texlive/2019basic/texmf-dist/tex/latex/oberdiek/rerunfilecheck.sty
Package: rerunfilecheck 2016/05/16 v1.8 Rerun checks for auxiliary files (HO)
Package uniquecounter Info: New unique counter `rerunfilecheck' on input line 282.
)
\Hy@SectionHShift=\skip55
) (/Users/emil/Compfys/Project 2/Latex/Project 2.aux)
\openout1 = `"Project 2.aux"'.

LaTeX Font Info:    Checking defaults for OML/cmm/m/it on input line 20.
LaTeX Font Info:    ... okay on input line 20.
LaTeX Font Info:    Checking defaults for T1/cmr/m/n on input line 20.
LaTeX Font Info:    ... okay on input line 20.
LaTeX Font Info:    Checking defaults for OT1/cmr/m/n on input line 20.
LaTeX Font Info:    ... okay on input line 20.
LaTeX Font Info:    Checking defaults for OMS/cmsy/m/n on input line 20.
LaTeX Font Info:    ... okay on input line 20.
LaTeX Font Info:    Checking defaults for OMX/cmex/m/n on input line 20.
LaTeX Font Info:    ... okay on input line 20.
LaTeX Font Info:    Checking defaults for U/cmr/m/n on input line 20.
LaTeX Font Info:    ... okay on input line 20.
LaTeX Font Info:    Checking defaults for PD1/pdf/m/n on input line 20.
LaTeX Font Info:    ... okay on input line 20.
 (/usr/local/texlive/2019basic/texmf-dist/tex/context/base/mkii/supp-pdf.mkii
[Loading MPS to PDF converter (version 2006.09.02).]
\scratchcounter=\count279
\scratchdimen=\dimen163
\scratchbox=\box51
\nofMPsegments=\count280
\nofMParguments=\count281
\everyMPshowfont=\toks24
\MPscratchCnt=\count282
\MPscratchDim=\dimen164
\MPnumerator=\count283
\makeMPintoPDFobject=\count284
\everyMPtoPDFconversion=\toks25
) (/usr/local/texlive/2019basic/texmf-dist/tex/latex/oberdiek/epstopdf-base.sty
Package: epstopdf-base 2016/05/15 v2.6 Base part for package epstopdf
 (/usr/local/texlive/2019basic/texmf-dist/tex/latex/oberdiek/grfext.sty
Package: grfext 2016/05/16 v1.2 Manage graphics extensions (HO)
)
Package epstopdf-base Info: Redefining graphics rule for `.eps' on input line 438.
Package grfext Info: Graphics extension search list:
(grfext)             [.pdf,.png,.jpg,.mps,.jpeg,.jbig2,.jb2,.PDF,.PNG,.JPG,.JPEG,.JBIG2,.JB2,.eps]
(grfext)             \AppendGraphicsExtensions on input line 456.
 (/usr/local/texlive/2019basic/texmf-dist/tex/latex/latexconfig/epstopdf-sys.cfg
File: epstopdf-sys.cfg 2010/07/13 v1.3 Configuration of (r)epstopdf for TeX Live
))
\c@lstlisting=\count285
Package caption Info: Begin \AtBeginDocument code.
Package caption Info: hyperref package is loaded.
Package caption Info: End \AtBeginDocument code.
\AtBeginShipoutBox=\box52
Package hyperref Info: Link coloring OFF on input line 20.
 (/usr/local/texlive/2019basic/texmf-dist/tex/latex/hyperref/nameref.sty
Package: nameref 2019/09/12 v2.45 Cross-referencing by name of section
 (/usr/local/texlive/2019basic/texmf-dist/tex/generic/oberdiek/gettitlestring.sty
Package: gettitlestring 2016/05/16 v1.5 Cleanup title references (HO)
)
\c@section@level=\count286
)
LaTeX Info: Redefining \ref on input line 20.
LaTeX Info: Redefining \pageref on input line 20.
LaTeX Info: Redefining \nameref on input line 20.
 (/Users/emil/Compfys/Project 2/Latex/Project 2.out) (/Users/emil/Compfys/Project 2/Latex/Project 2.out)
\@outlinefile=\write3
\openout3 = `"Project 2.out"'.

LaTeX Font Info:    Try loading font information for U+msa on input line 22.
 (/usr/local/texlive/2019basic/texmf-dist/tex/latex/amsfonts/umsa.fd
File: umsa.fd 2013/01/14 v3.01 AMS symbols A
)
LaTeX Font Info:    Try loading font information for U+msb on input line 22.
 (/usr/local/texlive/2019basic/texmf-dist/tex/latex/amsfonts/umsb.fd
File: umsb.fd 2013/01/14 v3.01 AMS symbols B
) [1

{/usr/local/texlive/2019basic/texmf-var/fonts/map/pdftex/updmap/pdftex.map}]
Underfull \hbox (badness 10000) in paragraph at lines 114--116

 []

[2] [3] [4]
Underfull \hbox (badness 10000) in paragraph at lines 243--245

 []

<bilde.jpg, id=86, 503.8825pt x 403.5075pt>
File: bilde.jpg Graphic file (type jpg)
<use bilde.jpg>
Package pdftex.def Info: bilde.jpg  used on input line 248.
(pdftex.def)             Requested size: 345.0pt x 276.27783pt.

Underfull \hbox (badness 10000) in paragraph at lines 258--267

 []


Underfull \hbox (badness 10000) in paragraph at lines 258--267

 []


LaTeX Warning: `!h' float specifier changed to `!ht'.

[5]

LaTeX Warning: `!h' float specifier changed to `!ht'.


LaTeX Warning: `!h' float specifier changed to `!ht'.

[6 </Users/emil/Compfys/Project 2/Latex/bilde.jpg>] [7]
LaTeX Font Info:    Try loading font information for OMS+cmr on input line 366.
 (/usr/local/texlive/2019basic/texmf-dist/tex/latex/base/omscmr.fd
File: omscmr.fd 2014/09/29 v2.5h Standard LaTeX font definitions
)
LaTeX Font Info:    Font shape `OMS/cmr/m/it' in size <10> not available
(Font)              Font shape `OMS/cmsy/m/n' tried instead on input line 366.
Package atveryend Info: Empty hook `BeforeClearDocument' on input line 375.
 [8]
Package atveryend Info: Empty hook `AfterLastShipout' on input line 375.
 (/Users/emil/Compfys/Project 2/Latex/Project 2.aux)
Package atveryend Info: Executing hook `AtVeryEndDocument' on input line 375.
Package atveryend Info: Executing hook `AtEndAfterFileList' on input line 375.
Package rerunfilecheck Info: File `"Project 2".out' has not changed.
(rerunfilecheck)             Checksum: D2FB23B76D25BD75730156326A0685E1;878.
Package atveryend Info: Empty hook `AtVeryVeryEnd' on input line 375.
 ) 
Here is how much of TeX's memory you used:
 18705 strings out of 494060
 332059 string characters out of 6163035
 481125 words of memory out of 5000000
 22267 multiletter control sequences out of 15000+600000
 542711 words of font info for 64 fonts, out of 8000000 for 9000
 319 hyphenation exceptions out of 8191
 40i,21n,63p,415b,419s stack positions out of 5000i,500n,10000p,200000b,80000s
</usr/local/texlive/2019basic/texmf-dist/fonts/type1/public/amsfonts/cm/cmbx10.pfb></usr/local/texlive/2019basic/texmf-dist/fonts/type1/public/amsfonts/cm/cmbx12.pfb></usr/local/texlive/2019basic/texmf-dist/fonts/type1/public/amsfonts/cm/cmex10.pfb></usr/local/texlive/2019basic/texmf-dist/fonts/type1/public/amsfonts/cm/cmmi10.pfb></usr/local/texlive/2019basic/texmf-dist/fonts/type1/public/amsfonts/cm/cmmi5.pfb></usr/local/texlive/2019basic/texmf-dist/fonts/type1/public/amsfonts/cm/cmmi6.pfb></usr/local/texlive/2019basic/texmf-dist/fonts/type1/public/amsfonts/cm/cmmi7.pfb></usr/local/texlive/2019basic/texmf-dist/fonts/type1/public/amsfonts/cm/cmmi9.pfb></usr/local/texlive/2019basic/texmf-dist/fonts/type1/public/amsfonts/cm/cmr10.pfb></usr/local/texlive/2019basic/texmf-dist/fonts/type1/public/amsfonts/cm/cmr12.pfb></usr/local/texlive/2019basic/texmf-dist/fonts/type1/public/amsfonts/cm/cmr17.pfb></usr/local/texlive/2019basic/texmf-dist/fonts/type1/public/amsfonts/cm/cmr7.pfb></usr/local/texlive/2019basic/texmf-dist/fonts/type1/public/amsfonts/cm/cmr9.pfb></usr/local/texlive/2019basic/texmf-dist/fonts/type1/public/amsfonts/cm/cmsy10.pfb></usr/local/texlive/2019basic/texmf-dist/fonts/type1/public/amsfonts/cm/cmsy7.pfb></usr/local/texlive/2019basic/texmf-dist/fonts/type1/public/amsfonts/cm/cmti10.pfb></usr/local/texlive/2019basic/texmf-dist/fonts/type1/public/amsfonts/symbols/msbm10.pfb>
Output written on "/Users/emil/Compfys/Project 2/Latex/Project 2.pdf" (8 pages, 248209 bytes).
PDF statistics:
 184 PDF objects out of 1000 (max. 8388607)
 153 compressed objects within 2 object streams
 31 named destinations out of 1000 (max. 500000)
 110 words of extra memory for PDF output out of 10000 (max. 10000000)

